<?xml version="1.0" encoding="UTF-8"?>
<!-- Generated by org.testng.reporters.JUnitReportReporter -->
<testsuite hostname="DESKTOP-MHBA7OI" failures="0" tests="2" name="com.crm.tests.CreateAccountTestScripts" time="8.132" errors="0" timestamp="2021-08-17T15:14:31 IST" skipped="0">
  <testcase classname="com.crm.tests.CreateAccountTestScripts" name="createAccountWithBillingAddress" time="7.330"/>
  <system-out/>
  <testcase classname="com.crm.tests.CreateAccountTestScripts" name="createAccountWithBillingAdressAndShippingAddress" time="0.802"/>
  <system-out/>
</testsuite> <!-- com.crm.tests.CreateAccountTestScripts -->
